c:\users\venti\downloads\pakihost24.20 (2) (1)\pakihost24.20\x64\release\vc143.pdb
c:\users\venti\downloads\pakihost24.20 (2) (1)\pakihost24.20\x64\release\gameplayabilities_functions.obj
c:\users\venti\downloads\pakihost24.20 (2) (1)\pakihost24.20\x64\release\fortnitegame_functions.obj
c:\users\venti\downloads\pakihost24.20 (2) (1)\pakihost24.20\x64\release\fortniteai_functions.obj
c:\users\venti\downloads\pakihost24.20 (2) (1)\pakihost24.20\x64\release\engine_functions.obj
c:\users\venti\downloads\pakihost24.20 (2) (1)\pakihost24.20\x64\release\coreuobject_functions.obj
c:\users\venti\downloads\pakihost24.20 (2) (1)\pakihost24.20\x64\release\bp_victorydrone_functions.obj
c:\users\venti\downloads\pakihost24.20 (2) (1)\pakihost24.20\x64\release\basic.obj
c:\users\venti\downloads\pakihost24.20 (2) (1)\pakihost24.20\x64\release\replication.obj
c:\users\venti\downloads\pakihost24.20 (2) (1)\pakihost24.20\x64\release\player.obj
c:\users\venti\downloads\pakihost24.20 (2) (1)\pakihost24.20\x64\release\misc.obj
c:\users\venti\downloads\pakihost24.20 (2) (1)\pakihost24.20\x64\release\inventory.obj
c:\users\venti\downloads\pakihost24.20 (2) (1)\pakihost24.20\x64\release\gamemode.obj
c:\users\venti\downloads\pakihost24.20 (2) (1)\pakihost24.20\x64\release\dllmain.obj
c:\users\venti\downloads\pakihost24.20 (2) (1)\pakihost24.20\x64\release\client.obj
c:\users\venti\downloads\pakihost24.20 (2) (1)\pakihost24.20\x64\release\building.obj
c:\users\venti\downloads\pakihost24.20 (2) (1)\pakihost24.20\x64\release\api.obj
c:\users\venti\downloads\pakihost24.20 (2) (1)\pakihost24.20\x64\release\abilities.obj
c:\users\venti\downloads\pakihost24.20 (2) (1)\x64\release\24.20.dll
c:\users\venti\downloads\pakihost24.20 (2) (1)\x64\release\24.20.pdb
c:\users\venti\downloads\pakihost24.20 (2) (1)\pakihost24.20\x64\release\24.20.ipdb
c:\users\venti\downloads\pakihost24.20 (2) (1)\pakihost24.20\x64\release\24.20.iobj
c:\users\venti\downloads\pakihost24.20 (2) (1)\pakihost24.20\x64\release\pakihost24.20.ipdb
c:\users\venti\downloads\pakihost24.20 (2) (1)\pakihost24.20\x64\release\pakihost24.20.iobj
c:\users\venti\downloads\pakihost24.20 (2) (1)\pakihost24.20\x64\release\24.20.tlog\cl.command.1.tlog
c:\users\venti\downloads\pakihost24.20 (2) (1)\pakihost24.20\x64\release\24.20.tlog\cl.items.tlog
c:\users\venti\downloads\pakihost24.20 (2) (1)\pakihost24.20\x64\release\24.20.tlog\cl.read.1.tlog
c:\users\venti\downloads\pakihost24.20 (2) (1)\pakihost24.20\x64\release\24.20.tlog\cl.write.1.tlog
c:\users\venti\downloads\pakihost24.20 (2) (1)\pakihost24.20\x64\release\24.20.tlog\link.command.1.tlog
c:\users\venti\downloads\pakihost24.20 (2) (1)\pakihost24.20\x64\release\24.20.tlog\link.read.1.tlog
c:\users\venti\downloads\pakihost24.20 (2) (1)\pakihost24.20\x64\release\24.20.tlog\link.secondary.1.tlog
c:\users\venti\downloads\pakihost24.20 (2) (1)\pakihost24.20\x64\release\24.20.tlog\link.write.1.tlog
